
> projeto-final@0.1.0 json
> json-server --watch db.json --port 1234


  \{^_^}/ hi!

  Loading db.json
  Done

  Resources
  http://localhost:1234/Blusas
  http://localhost:1234/DetalhesBlusas
  http://localhost:1234/Calcas
  http://localhost:1234/DetalhesCalcas
  http://localhost:1234/Sapatos
  http://localhost:1234/DetalhesSapatos
  http://localhost:1234/Cart

  Home
  http://localhost:1234

  Type s + enter at any time to create a snapshot of the database
  Watching...

  Error, can't read from stdin
  Creating a snapshot from the CLI won't be possible
[0mGET /blusas [36m304[0m 6.248 ms - -[0m

> projeto-final@0.1.0 json
> json-server --watch db.json --port 1234


  \{^_^}/ hi!

  Loading db.json
  Done

  Resources
  http://localhost:1234/Blusas
  http://localhost:1234/DetalhesBlusas
  http://localhost:1234/Calcas
  http://localhost:1234/DetalhesCalcas
  http://localhost:1234/Sapatos
  http://localhost:1234/DetalhesSapatos
  http://localhost:1234/Cart

  Home
  http://localhost:1234

  Type s + enter at any time to create a snapshot of the database
  Watching...

[0mGET /Blusas [32m200[0m 15.039 ms - -[0m
[0mGET /Sapatos [32m200[0m 23.696 ms - -[0m
[0mGET /Calcas [32m200[0m 24.352 ms - -[0m
[0mGET /Blusas [36m304[0m 4.275 ms - -[0m
[0mGET /Sapatos [36m304[0m 9.252 ms - -[0m
[0mGET /Calcas [36m304[0m 13.183 ms - -[0m
[0mGET /DetalhesBlusas/4 [32m200[0m 6.189 ms - 222[0m
[0mGET /DetalhesBlusas/4 [36m304[0m 3.864 ms - -[0m
[0mGET /DetalhesBlusas/4 [36m304[0m 6.417 ms - -[0m
[0mPOST /Cart [32m201[0m 806.264 ms - 191[0m
  Error reading /mnt/d/Projetos/Coin-Viton/db.json
ENOENT: no such file or directory, open '/mnt/d/Projetos/Coin-Viton/db.json'
[0mGET /Calcas [36m304[0m 4.515 ms - -[0m
[0mGET /Blusas [36m304[0m 9.644 ms - -[0m
[0mGET /Sapatos [36m304[0m 24.593 ms - -[0m
[0mGET /Calcas [36m304[0m 5.496 ms - -[0m
[0mGET /Blusas [36m304[0m 11.525 ms - -[0m
[0mGET /Sapatos [36m304[0m 5.689 ms - -[0m
[0mGET /DetalhesBlusas/2 [32m200[0m 3.189 ms - 230[0m
[0mGET /DetalhesBlusas/2 [36m304[0m 3.522 ms - -[0m
[0mPOST /Cart [32m201[0m 4.659 ms - 195[0m
  Error reading /mnt/d/Projetos/Coin-Viton/db.json
ENOENT: no such file or directory, open '/mnt/d/Projetos/Coin-Viton/db.json'
[0mGET /Blusas [36m304[0m 10.355 ms - -[0m
[0mGET /Sapatos [36m304[0m 10.058 ms - -[0m
[0mGET /Calcas [36m304[0m 11.428 ms - -[0m
[0mGET /Blusas [36m304[0m 9.191 ms - -[0m
[0mGET /Calcas [36m304[0m 8.761 ms - -[0m
[0mGET /Sapatos [36m304[0m 11.097 ms - -[0m
[0mGET /DetalhesSapatos/15 [32m200[0m 8.890 ms - 229[0m
[0mGET /DetalhesSapatos/15 [36m304[0m 5.007 ms - -[0m
[0mGET /DetalhesSapatos/15 [36m304[0m 2.629 ms - -[0m
[0mPATCH /DetalhesSapatos/15 [32m200[0m 3.968 ms - 229[0m
  Error reading /mnt/d/Projetos/Coin-Viton/db.json
ENOENT: no such file or directory, open '/mnt/d/Projetos/Coin-Viton/db.json'
[0mGET /DetalhesSapatos/15 [32m200[0m 5.251 ms - 229[0m
[0mGET /DetalhesSapatos/15 [36m304[0m 3.562 ms - -[0m
[0mPOST /Cart [32m201[0m 3.865 ms - 195[0m
  Error reading /mnt/d/Projetos/Coin-Viton/db.json
ENOENT: no such file or directory, open '/mnt/d/Projetos/Coin-Viton/db.json'
[0mPATCH /Cart/15 [32m200[0m 4.288 ms - 195[0m
[0mPATCH /Cart/15 [32m200[0m 8.121 ms - 195[0m
[0mPATCH /Cart/15 [32m200[0m 4.598 ms - 195[0m
[0mPATCH /Cart/15 [32m200[0m 6.394 ms - 195[0m
  Error reading /mnt/d/Projetos/Coin-Viton/db.json
ENOENT: no such file or directory, open '/mnt/d/Projetos/Coin-Viton/db.json'
[0mGET /Cart [32m200[0m 11.684 ms - 631[0m
[0mGET /Cart [36m304[0m 13.469 ms - -[0m
  Read error has been fixed :)
[0mPATCH /Cart/15 [32m200[0m 29.618 ms - 195[0m
[0mPATCH /Cart/15 [32m200[0m 32.145 ms - 195[0m
[0mPATCH /Cart/15 [32m200[0m 5.209 ms - 195[0m
[0mPATCH /Cart/15 [32m200[0m 9.624 ms - 195[0m
  Error reading /mnt/d/Projetos/Coin-Viton/db.json
ENOENT: no such file or directory, open '/mnt/d/Projetos/Coin-Viton/db.json'
[0mPATCH /Cart/15 [32m200[0m 9.692 ms - 195[0m
[0mPATCH /Cart/15 [32m200[0m 14.513 ms - 195[0m
[0mPATCH /Cart/15 [32m200[0m 5.705 ms - 195[0m
[0mPATCH /Cart/15 [32m200[0m 5.173 ms - 195[0m
  Error reading /mnt/d/Projetos/Coin-Viton/db.json
ENOENT: no such file or directory, open '/mnt/d/Projetos/Coin-Viton/db.json'
  Error reading /mnt/d/Projetos/Coin-Viton/db.json
ENOENT: no such file or directory, open '/mnt/d/Projetos/Coin-Viton/db.json'
[0mDELETE /Cart/15 [32m200[0m 5.293 ms - 2[0m
[0mPATCH /Cart/15 [33m404[0m 8.139 ms - 2[0m
[0mPATCH /Cart/15 [33m404[0m 30.669 ms - 2[0m
[0mPATCH /Cart/15 [33m404[0m 32.222 ms - 2[0m
[0mPATCH /Cart/15 [33m404[0m 32.811 ms - 2[0m
  Error reading /mnt/d/Projetos/Coin-Viton/db.json
ENOENT: no such file or directory, open '/mnt/d/Projetos/Coin-Viton/db.json'
  Error reading /mnt/d/Projetos/Coin-Viton/db.json
ENOENT: no such file or directory, open '/mnt/d/Projetos/Coin-Viton/db.json'
[0mPOST /Cart [32m201[0m 3.076 ms - 195[0m
  Error reading /mnt/d/Projetos/Coin-Viton/db.json
ENOENT: no such file or directory, open '/mnt/d/Projetos/Coin-Viton/db.json'
[0mPATCH /Cart/15 [32m200[0m 6.145 ms - 195[0m
[0mPATCH /Cart/15 [32m200[0m 6.697 ms - 195[0m
[0mPATCH /Cart/15 [32m200[0m 9.500 ms - 195[0m
[0mGET /Cart [32m200[0m 8.688 ms - 631[0m
[0mPATCH /Cart/15 [32m200[0m 11.802 ms - 195[0m
[0mGET /Cart [36m304[0m 3.428 ms - -[0m
  Error reading /mnt/d/Projetos/Coin-Viton/db.json
ENOENT: no such file or directory, open '/mnt/d/Projetos/Coin-Viton/db.json'
[0mPATCH /Cart/15 [32m200[0m 6.607 ms - 195[0m
[0mPATCH /Cart/15 [32m200[0m 6.984 ms - 195[0m
[0mPATCH /Cart/15 [32m200[0m 7.142 ms - 195[0m
[0mPATCH /Cart/15 [32m200[0m 9.329 ms - 195[0m
[0mPATCH /Cart/15 [32m200[0m 8.678 ms - 195[0m
[0mPATCH /Cart/15 [32m200[0m 9.857 ms - 195[0m
  Read error has been fixed :)
[0mPATCH /Cart/15 [32m200[0m 13.695 ms - 195[0m
[0mPATCH /Cart/15 [32m200[0m 13.819 ms - 195[0m
  Error reading /mnt/d/Projetos/Coin-Viton/db.json
ENOENT: no such file or directory, open '/mnt/d/Projetos/Coin-Viton/db.json'
  Error reading /mnt/d/Projetos/Coin-Viton/db.json
ENOENT: no such file or directory, open '/mnt/d/Projetos/Coin-Viton/db.json'
[0mGET /Blusas [36m304[0m 3.662 ms - -[0m
[0mGET /Calcas [36m304[0m 5.799 ms - -[0m
[0mGET /Sapatos [36m304[0m 2.934 ms - -[0m
[0mGET /Blusas [36m304[0m 4.023 ms - -[0m
[0mGET /Calcas [36m304[0m 4.259 ms - -[0m
[0mGET /Sapatos [36m304[0m 4.743 ms - -[0m
